<?xml version="1.0" encoding="UTF-8"?>
<testsuite name="PruebaChoucair" tests="1" skipped="0" failures="0" errors="0" timestamp="2020-12-09T18:18:05" hostname="DESKTOP-RQR8FGN" time="14.466">
  <properties/>
  <testcase name="navegarPaginaChoucair" classname="PruebaChoucair" time="14.466"/>
  <system-out><![CDATA[]]></system-out>
  <system-err><![CDATA[SLF4J: Failed to load class "org.slf4j.impl.StaticLoggerBinder".
SLF4J: Defaulting to no-operation (NOP) logger implementation
SLF4J: See http://www.slf4j.org/codes.html#StaticLoggerBinder for further details.
Starting ChromeDriver 84.0.4147.30 (48b3e868b4cc0aa7e8149519690b6f6949e110a8-refs/branch-heads/4147@{#310}) on port 36991
Only local connections are allowed.
Please see https://chromedriver.chromium.org/security-considerations for suggestions on keeping ChromeDriver safe.
ChromeDriver was started successfully.
dic 09, 2020 1:18:10 PM org.openqa.selenium.remote.ProtocolHandshake createSession
INFORMACIÓN: Detected dialect: W3C
]]></system-err>
</testsuite>
